<?xml version="1.0" encoding="UTF-8"?>
<!-- Generated by org.testng.reporters.JUnitReportReporter -->
<testsuite hostname="DESKTOP-AK9E0OM" failures="0" tests="3" name="com.Practice.DP_Test_1" time="18.681" errors="0" timestamp="2022-04-23T10:58:27 IST" skipped="0">
  <testcase classname="com.Practice.DP_Test_1" name="LoginData" time="6.341"/>
  <system-out/>
  <testcase classname="com.Practice.DP_Test_1" name="LoginData" time="5.911"/>
  <system-out/>
  <testcase classname="com.Practice.DP_Test_1" name="LoginData" time="6.429"/>
  <system-out/>
</testsuite> <!-- com.Practice.DP_Test_1 -->
