<?xml version="1.0" encoding="UTF-8"?>
<!-- Generated by org.testng.reporters.JUnitReportReporter -->
<testsuite hostname="DESKTOP-AK9E0OM" failures="0" tests="4" name="com.Zerodha.Test_1" time="28.675" errors="0" timestamp="2022-04-23T10:58:27 IST" skipped="0">
  <testcase classname="com.Zerodha.Test_1" name="Test3" time="5.117"/>
  <system-out/>
  <testcase classname="com.Zerodha.Test_1" name="Test1" time="8.804"/>
  <system-out/>
  <testcase classname="com.Zerodha.Test_1" name="Test3" time="4.903"/>
  <system-out/>
  <testcase classname="com.Zerodha.Test_1" name="Test3" time="9.851"/>
  <system-out/>
</testsuite> <!-- com.Zerodha.Test_1 -->
