<?xml version="1.0" encoding="UTF-8"?>
<!-- Generated by org.testng.reporters.JUnitReportReporter -->
<testsuite hostname="DESKTOP-AK9E0OM" failures="0" tests="4" name="com.Zerodha.Test_2" time="0.078" errors="0" timestamp="2022-04-23T10:58:27 IST" skipped="0">
  <testcase classname="com.Zerodha.Test_2" name="testng" time="0.016"/>
  <system-out/>
  <testcase classname="com.Zerodha.Test_2" name="Test12" time="0.040"/>
  <system-out/>
  <testcase classname="com.Zerodha.Test_2" name="Test12" time="0.008"/>
  <system-out/>
  <testcase classname="com.Zerodha.Test_2" name="Test12" time="0.014"/>
  <system-out/>
</testsuite> <!-- com.Zerodha.Test_2 -->
